--------------------------------------------------------------
KEPEXTRACT --  infile=/Users/ryanr/Documents/PhD/coding/Kepler/K2/06/ktwo200045342-c06_lpd-targ.fits.gz maskfile=ALL outfile=/Users/ryanr/Documents/PhD/coding/Kepler/K2/06/ktwo200045342-c06_lpd-targ-kepextract.fits background=False psfcentroid=False overwrite=False verbose=False logfile=kepextract.log

Extracting information from Target Pixel File...
Aperture photometry...
Sample moments...
Writing output file /Users/ryanr/Documents/PhD/coding/Kepler/K2/06/ktwo200045342-c06_lpd-targ-kepextract.fits...
--------------------------------------------------------------
KEPEXTRACT --  infile=/Users/ryanr/Documents/PhD/coding/Kepler/K2/06/ktwo200045342-c06_lpd-targ.fits.gz maskfile=ALL outfile=/Users/ryanr/Documents/PhD/coding/Kepler/K2/06/ktwo200045342-c06_lpd-targ-kepextract.fits background=False psfcentroid=False overwrite=False verbose=False logfile=kepextract.log

ERROR -- KEPEXTRACT: /Users/ryanr/Documents/PhD/coding/Kepler/K2/06/ktwo200045342-c06_lpd-targ-kepextract.fits exists. Use --overwrite
--------------------------------------------------------------
KEPEXTRACT --  infile=/Users/ryanr/Documents/PhD/coding/Kepler/K2/06/ktwo200045342-c06_lpd-targ.fits.gz maskfile=ALL outfile=/Users/ryanr/Documents/PhD/coding/Kepler/K2/06/ktwo200045342-c06_lpd-targ-kepextract.fits background=False psfcentroid=False overwrite=True verbose=False logfile=kepextract.log

Extracting information from Target Pixel File...
Aperture photometry...
Sample moments...
Writing output file /Users/ryanr/Documents/PhD/coding/Kepler/K2/06/ktwo200045342-c06_lpd-targ-kepextract.fits...
--------------------------------------------------------------
KEPEXTRACT --  infile=/Users/ryanr/Documents/PhD/coding/Kepler/K2/06/ktwo212535880-c06_lpd-targ.fits.gz maskfile=ALL outfile=/Users/ryanr/Documents/PhD/coding/Kepler/K2/06/ktwo212535880-c06_lpd-targ-kepextract.fits background=False psfcentroid=False overwrite=True verbose=False logfile=kepextract.log

Extracting information from Target Pixel File...
Aperture photometry...
Sample moments...
Writing output file /Users/ryanr/Documents/PhD/coding/Kepler/K2/06/ktwo212535880-c06_lpd-targ-kepextract.fits...
--------------------------------------------------------------
KEPEXTRACT --  infile=/Users/ryanr/Documents/PhD/coding/Kepler/K2/06/ktwo212535880-c06_lpd-targ.fits.gz maskfile=ALL outfile=/Users/ryanr/Documents/PhD/coding/Kepler/K2/06/ktwo212535880-c06_lpd-targ-kepextract.fits background=False psfcentroid=False overwrite=True verbose=False logfile=kepextract.log

Extracting information from Target Pixel File...
Aperture photometry...
Sample moments...
Writing output file /Users/ryanr/Documents/PhD/coding/Kepler/K2/06/ktwo212535880-c06_lpd-targ-kepextract.fits...
--------------------------------------------------------------
KEPEXTRACT --  infile=/Users/ryanr/Documents/PhD/coding/Kepler/K2/06/ktwo212535880-c06_lpd-targ.fits.gz maskfile=ALL outfile=/Users/ryanr/Documents/PhD/coding/Kepler/K2/06/ktwo212535880-c06_lpd-targ-kepextract.fits background=False psfcentroid=False overwrite=True verbose=False logfile=kepextract.log

Extracting information from Target Pixel File...
Aperture photometry...
Sample moments...
Writing output file /Users/ryanr/Documents/PhD/coding/Kepler/K2/06/ktwo212535880-c06_lpd-targ-kepextract.fits...
--------------------------------------------------------------
KEPEXTRACT --  infile=/Users/ryanr/Documents/PhD/coding/Kepler/K2/06/ktwo212535880-c06_lpd-targ.fits.gz maskfile=ALL outfile=/Users/ryanr/Documents/PhD/coding/Kepler/K2/06/ktwo212535880-c06_lpd-targ-kepextract.fits background=False psfcentroid=False overwrite=True verbose=False logfile=kepextract.log

Extracting information from Target Pixel File...
Aperture photometry...
Sample moments...
Writing output file /Users/ryanr/Documents/PhD/coding/Kepler/K2/06/ktwo212535880-c06_lpd-targ-kepextract.fits...
--------------------------------------------------------------
KEPEXTRACT --  infile=/Users/ryanr/Documents/PhD/coding/Kepler/K2/06/ktwo212535880-c06_lpd-targ.fits.gz maskfile=ALL outfile=/Users/ryanr/Documents/PhD/coding/Kepler/K2/06/ktwo212535880-c06_lpd-targ-kepextract.fits background=False psfcentroid=False overwrite=True verbose=False logfile=kepextract.log

Extracting information from Target Pixel File...
Aperture photometry...
Sample moments...
Writing output file /Users/ryanr/Documents/PhD/coding/Kepler/K2/06/ktwo212535880-c06_lpd-targ-kepextract.fits...
--------------------------------------------------------------
KEPEXTRACT --  infile=/Users/ryanr/Documents/PhD/coding/Kepler/K2/06/ktwo212535880-c06_lpd-targ.fits.gz maskfile=ALL outfile=/Users/ryanr/Documents/PhD/coding/Kepler/K2/06/ktwo212535880-c06_lpd-targ-kepextract.fits background=False psfcentroid=False overwrite=True verbose=False logfile=kepextract.log

Extracting information from Target Pixel File...
Aperture photometry...
Sample moments...
Writing output file /Users/ryanr/Documents/PhD/coding/Kepler/K2/06/ktwo212535880-c06_lpd-targ-kepextract.fits...
